[debug] [2020-12-24T11:10:39.820Z] ----------------------------------------------------------------------
[debug] [2020-12-24T11:10:39.822Z] Command:       /Users/yukishinohara/.nodebrew/node/v14.15.1/bin/node /usr/local/bin/firebase projects:create
[debug] [2020-12-24T11:10:39.822Z] CLI Version:   7.7.0
[debug] [2020-12-24T11:10:39.822Z] Platform:      darwin
[debug] [2020-12-24T11:10:39.822Z] Node Version:  v14.15.1
[debug] [2020-12-24T11:10:39.824Z] Time:          Thu Dec 24 2020 20:10:39 GMT+0900 (Japan Standard Time)
[debug] [2020-12-24T11:10:39.824Z] ----------------------------------------------------------------------
[debug] [2020-12-24T11:10:39.824Z] 
[debug] [2020-12-24T11:10:39.829Z] > command requires scopes: ["email","openid","https://www.googleapis.com/auth/cloudplatformprojects.readonly","https://www.googleapis.com/auth/firebase","https://www.googleapis.com/auth/cloud-platform"]
[debug] [2020-12-24T11:10:39.830Z] > authorizing via signed-in user
[debug] [2020-12-24T11:11:01.490Z] > refreshing access token with scopes: ["email","https://www.googleapis.com/auth/cloud-platform","https://www.googleapis.com/auth/cloudplatformprojects.readonly","https://www.googleapis.com/auth/firebase","openid"]
[debug] [2020-12-24T11:11:01.491Z] >>> HTTP REQUEST POST https://www.googleapis.com/oauth2/v3/token  
 <request body omitted>
[debug] [2020-12-24T11:11:02.047Z] <<< HTTP RESPONSE 200
[debug] [2020-12-24T11:11:02.080Z] >>> HTTP REQUEST POST https://cloudresourcemanager.googleapis.com/v1/projects  

[debug] [2020-12-24T11:11:03.016Z] <<< HTTP RESPONSE 400
[debug] [2020-12-24T11:11:03.017Z] <<< HTTP RESPONSE BODY
[debug] [2020-12-24T11:11:03.019Z] HTTP Error: 400, Request contains an invalid argument.
[debug] [2020-12-24T11:11:03.491Z] FirebaseError: HTTP Error: 400, Request contains an invalid argument.
    at module.exports (/usr/local/lib/node_modules/firebase-tools/lib/responseToError.js:38:12)
    at Request._callback (/usr/local/lib/node_modules/firebase-tools/lib/api.js:39:35)
    at Request.self.callback (/usr/local/lib/node_modules/firebase-tools/node_modules/request/request.js:185:22)
    at Request.emit (events.js:315:20)
    at Request.EventEmitter.emit (domain.js:486:12)
    at Request.<anonymous> (/usr/local/lib/node_modules/firebase-tools/node_modules/request/request.js:1161:10)
    at Request.emit (events.js:315:20)
    at Request.EventEmitter.emit (domain.js:486:12)
    at IncomingMessage.<anonymous> (/usr/local/lib/node_modules/firebase-tools/node_modules/request/request.js:1083:12)
    at Object.onceWrapper (events.js:421:28)
[error] 
[error] Error: Failed to create Google Cloud project. See firebase-debug.log for more info.
